{
  "RSpec": {
    "coverage": {
      "/Users/slabounty/code/creativityin10minutes/app/controllers/application_controller.rb": {
        "lines": [
          1,
          1,
          null,
          1,
          null,
          null,
          1,
          null,
          1,
          null,
          1,
          2,
          null,
          null
        ]
      },
      "/Users/slabounty/code/creativityin10minutes/app/controllers/concerns/authentication.rb": {
        "lines": [
          1,
          1,
          null,
          1,
          1,
          1,
          null,
          null,
          1,
          1,
          3,
          null,
          null,
          null,
          1,
          1,
          7,
          null,
          null,
          1,
          2,
          null,
          null,
          1,
          9,
          null,
          null,
          1,
          9,
          null,
          null,
          1,
          1,
          1,
          null,
          null,
          1,
          0,
          null,
          null,
          1,
          5,
          5,
          5,
          null,
          null,
          null,
          1,
          1,
          1,
          null,
          null
        ]
      },
      "/Users/slabounty/code/creativityin10minutes/app/controllers/home_controller.rb": {
        "lines": [
          1,
          1,
          null,
          null
        ]
      },
      "/Users/slabounty/code/creativityin10minutes/app/controllers/sessions_controller.rb": {
        "lines": [
          1,
          1,
          1,
          null,
          1,
          null,
          null,
          1,
          2,
          2,
          2,
          null,
          0,
          null,
          null,
          null,
          1,
          1,
          1,
          null,
          null
        ]
      },
      "/Users/slabounty/code/creativityin10minutes/app/controllers/splash_controller.rb": {
        "lines": [
          1,
          1,
          null,
          1,
          null,
          null
        ]
      },
      "/Users/slabounty/code/creativityin10minutes/app/controllers/users_controller.rb": {
        "lines": [
          1,
          1,
          null,
          1,
          3,
          null,
          null,
          1,
          3,
          null,
          3,
          3,
          3,
          null,
          0,
          null,
          null,
          null,
          1,
          null,
          1,
          3,
          null,
          null
        ]
      },
      "/Users/slabounty/code/creativityin10minutes/app/helpers/application_helper.rb": {
        "lines": [
          1,
          null
        ]
      },
      "/Users/slabounty/code/creativityin10minutes/app/helpers/home_helper.rb": {
        "lines": [
          1,
          null
        ]
      },
      "/Users/slabounty/code/creativityin10minutes/app/helpers/splash_helper.rb": {
        "lines": [
          1,
          null
        ]
      },
      "/Users/slabounty/code/creativityin10minutes/app/helpers/users_helper.rb": {
        "lines": [
          1,
          null
        ]
      },
      "/Users/slabounty/code/creativityin10minutes/app/models/application_record.rb": {
        "lines": [
          1,
          1,
          null
        ]
      },
      "/Users/slabounty/code/creativityin10minutes/app/models/current.rb": {
        "lines": [
          1,
          1,
          1,
          null
        ]
      },
      "/Users/slabounty/code/creativityin10minutes/app/models/session.rb": {
        "lines": [
          1,
          1,
          null
        ]
      },
      "/Users/slabounty/code/creativityin10minutes/app/models/user.rb": {
        "lines": [
          1,
          1,
          1,
          null,
          15,
          null,
          1,
          null
        ]
      },
      "/Users/slabounty/code/creativityin10minutes/config/application.rb": {
        "lines": [
          1,
          null,
          1,
          null,
          null,
          null,
          1,
          null,
          1,
          1,
          null,
          1,
          null,
          null,
          null,
          null,
          1,
          null,
          null,
          null,
          null,
          null,
          null,
          null,
          null,
          null,
          null
        ]
      },
      "/Users/slabounty/code/creativityin10minutes/config/boot.rb": {
        "lines": [
          1,
          null,
          1,
          1
        ]
      },
      "/Users/slabounty/code/creativityin10minutes/config/environment.rb": {
        "lines": [
          null,
          1,
          null,
          null,
          1
        ]
      },
      "/Users/slabounty/code/creativityin10minutes/config/environments/test.rb": {
        "lines": [
          null,
          null,
          null,
          null,
          null,
          1,
          null,
          null,
          null,
          1,
          null,
          null,
          null,
          null,
          null,
          1,
          null,
          null,
          1,
          null,
          null,
          1,
          1,
          null,
          null,
          1,
          null,
          null,
          1,
          null,
          null,
          1,
          null,
          null,
          null,
          null,
          1,
          null,
          null,
          1,
          null,
          null,
          1,
          null,
          null,
          null,
          null,
          null,
          null,
          null,
          null,
          1,
          null
        ]
      },
      "/Users/slabounty/code/creativityin10minutes/config/initializers/assets.rb": {
        "lines": [
          null,
          null,
          null,
          1,
          null,
          null,
          null
        ]
      },
      "/Users/slabounty/code/creativityin10minutes/config/initializers/content_security_policy.rb": {
        "lines": [
          null,
          null,
          null,
          null,
          null,
          null,
          null,
          null,
          null,
          null,
          null,
          null,
          null,
          null,
          null,
          null,
          null,
          null,
          null,
          null,
          null,
          null,
          null,
          null,
          null,
          null,
          null,
          null,
          null
        ]
      },
      "/Users/slabounty/code/creativityin10minutes/config/initializers/filter_parameter_logging.rb": {
        "lines": [
          null,
          null,
          null,
          null,
          null,
          1,
          null,
          null
        ]
      },
      "/Users/slabounty/code/creativityin10minutes/config/initializers/inflections.rb": {
        "lines": [
          null,
          null,
          null,
          null,
          null,
          null,
          null,
          null,
          null,
          null,
          null,
          null,
          null,
          null,
          null,
          null
        ]
      },
      "/Users/slabounty/code/creativityin10minutes/config/routes.rb": {
        "lines": [
          1,
          1,
          1,
          1,
          null,
          1,
          null,
          1,
          1,
          1,
          1,
          1,
          null,
          null,
          null,
          null,
          null,
          null,
          1,
          null,
          null,
          null,
          null,
          null
        ]
      }
    },
    "timestamp": 1784673224
  }
}
